<?xml version="1.0" encoding="UTF-8"?>
<!-- Generated by org.testng.reporters.JUnitReportReporter -->
<testsuite skipped="0" hostname="Tatianas-MacBook-Air.local" name="com.amazon.TestingFiles.TestNGLogin_Chrome" tests="1" failures="0" timestamp="27 Jul 2017 15:38:58 GMT" time="8.213" errors="0">
  <testcase name="loginTestCase" time="8.213" classname="com.amazon.TestingFiles.TestNGLogin_Chrome"/>
</testsuite> <!-- com.amazon.TestingFiles.TestNGLogin_Chrome -->
