<?xml version="1.0" encoding="UTF-8"?>
<!-- Generated by org.testng.reporters.JUnitReportReporter -->
<testsuite skipped="0" hostname="Tatianas-MacBook-Air.local" name="com.amazon.TestingFiles.TestNG_Grouping" tests="4" failures="0" timestamp="27 Jul 2017 15:39:13 GMT" time="0.005" errors="0">
  <testcase name="BMW3Series" time="0.000" classname="com.amazon.TestingFiles.TestNG_Grouping"/>
  <testcase name="BMWX3" time="0.001" classname="com.amazon.TestingFiles.TestNG_Grouping"/>
  <testcase name="HondaAccord" time="0.002" classname="com.amazon.TestingFiles.TestNG_Grouping"/>
  <testcase name="AudiA6" time="0.002" classname="com.amazon.TestingFiles.TestNG_Grouping"/>
</testsuite> <!-- com.amazon.TestingFiles.TestNG_Grouping -->
