<?xml version="1.0" encoding="UTF-8"?>
<!-- Generated by org.testng.reporters.JUnitReportReporter -->
<testsuite skipped="0" hostname="Tatianas-MacBook-Air.local" name="com.amazon.TestingFiles.TestNG_ToysAndGames" tests="2" failures="0" timestamp="27 Jul 2017 16:15:06 GMT" time="87.808" errors="0">
  <testcase name="LoopThroughAllElementsTopPage" time="44.194" classname="com.amazon.TestingFiles.TestNG_ToysAndGames"/>
  <testcase name="LoopThroughAllElementsTopPage" time="43.614" classname="com.amazon.TestingFiles.TestNG_ToysAndGames"/>
</testsuite> <!-- com.amazon.TestingFiles.TestNG_ToysAndGames -->
