<?xml version="1.0" encoding="UTF-8"?>
<!-- Generated by org.testng.reporters.JUnitReportReporter -->
<testsuite skipped="0" hostname="Tatianas-MacBook-Air.local" name="com.amazon.TestingFiles.TestNGLogin_Firefox" tests="1" failures="0" timestamp="27 Jul 2017 15:39:08 GMT" time="6.403" errors="0">
  <testcase name="loginTestCase" time="6.403" classname="com.amazon.TestingFiles.TestNGLogin_Firefox"/>
</testsuite> <!-- com.amazon.TestingFiles.TestNGLogin_Firefox -->
